[0.006s] Invoking command in '/home/evan/cmpe295/build/kitti_publisher': CMAKE_PREFIX_PATH=/opt/ros/humble /usr/bin/cmake --build /home/evan/cmpe295/build/kitti_publisher -- -j20 -l20
[0.021s] -- Found ament_cmake: 1.3.5 (/opt/ros/humble/share/ament_cmake/cmake)
[0.100s] -- Found rclcpp: 16.0.5 (/opt/ros/humble/share/rclcpp/cmake)
[0.115s] -- Found rosidl_generator_c: 3.1.5 (/opt/ros/humble/share/rosidl_generator_c/cmake)
[0.117s] -- Found rosidl_adapter: 3.1.5 (/opt/ros/humble/share/rosidl_adapter/cmake)
[0.120s] -- Found rosidl_generator_cpp: 3.1.5 (/opt/ros/humble/share/rosidl_generator_cpp/cmake)
[0.126s] -- Using all available rosidl_typesupport_c: rosidl_typesupport_fastrtps_c;rosidl_typesupport_introspection_c
[0.133s] -- Using all available rosidl_typesupport_cpp: rosidl_typesupport_fastrtps_cpp;rosidl_typesupport_introspection_cpp
[0.163s] -- Found rmw_implementation_cmake: 6.1.1 (/opt/ros/humble/share/rmw_implementation_cmake/cmake)
[0.164s] -- Found rmw_fastrtps_cpp: 6.2.3 (/opt/ros/humble/share/rmw_fastrtps_cpp/cmake)
[0.224s] -- Using RMW implementation 'rmw_fastrtps_cpp' as default
[0.323s] -- Found rclcpp_action: 16.0.5 (/opt/ros/humble/share/rclcpp_action/cmake)
[0.452s] -- Found rclcpp_lifecycle: 16.0.5 (/opt/ros/humble/share/rclcpp_lifecycle/cmake)
[0.534s] -- Found pluginlib: 5.1.0 (/opt/ros/humble/share/pluginlib/cmake)
[0.597s] -- Found geometry_msgs: 4.2.3 (/opt/ros/humble/share/geometry_msgs/cmake)
[0.620s] -- Found sensor_msgs: 4.2.3 (/opt/ros/humble/share/sensor_msgs/cmake)
[0.687s] -- Found shape_msgs: 4.2.3 (/opt/ros/humble/share/shape_msgs/cmake)
[0.756s] -- Found tf2: 0.25.3 (/opt/ros/humble/share/tf2/cmake)
[0.785s] -- Found tf2_geometry_msgs: 0.25.3 (/opt/ros/humble/share/tf2_geometry_msgs/cmake)
[0.894s] -- Found eigen3_cmake_module: 0.1.1 (/opt/ros/humble/share/eigen3_cmake_module/cmake)
[0.899s] -- Found Eigen3: TRUE (found version "3.4.0") 
[0.899s] -- Ensuring Eigen3 include directory is part of orocos-kdl CMake target
[1.167s] -- Found visualization_msgs: 4.2.3 (/opt/ros/humble/share/visualization_msgs/cmake)
[1.238s] -- Found pcl_conversions: 2.4.0 (/opt/ros/humble/share/pcl_conversions/cmake)
[1.368s] -- Found OpenCV: /usr (found version "4.5.4") 
[1.570s] -- Found Boost: /usr/lib/x86_64-linux-gnu/cmake/Boost-1.74.0/BoostConfig.cmake (found version "1.74.0") found components: system 
[1.650s] -- Checking for module 'eigen3'
[1.674s] --   Found eigen3, version 3.4.0
[1.741s] -- Found Eigen: /usr/include/eigen3 (Required is at least version "3.1") 
[1.741s] -- Eigen found (include: /usr/include/eigen3, version: 3.4.0)
[1.804s] -- Found Boost: /usr/lib/x86_64-linux-gnu/cmake/Boost-1.74.0/BoostConfig.cmake (found suitable version "1.74.0", minimum required is "1.65.0") found components: system filesystem date_time iostreams serialization 
[1.806s] -- looking for PCL_COMMON
[1.807s] -- Found PCL_COMMON: /usr/lib/x86_64-linux-gnu/libpcl_common.so  
[1.807s] -- Found PCL: pcl_common;Boost::system;Boost::filesystem;Boost::date_time;Boost::iostreams;Boost::serialization  
[1.926s] -- Configuring done
[2.171s] -- Generating done
[2.174s] -- Build files have been written to: /home/evan/cmpe295/build/kitti_publisher
[2.210s] [ 25%] [32mBuilding CXX object CMakeFiles/kitti_publisher.dir/src/node/kitti_publishers_node.cpp.o[0m
[3.179s] In file included from [01m[K/home/evan/cmpe295/kitti_publisher/src/node/kitti_publishers_node.cpp:3[m[K:
[3.179s] [01m[K/home/evan/cmpe295/kitti_publisher/src/node/ros2_kitti_publishers/kitti_publishers_node.hpp:46:10:[m[K [01;31m[Kfatal error: [m[Kros2_kitti_publishers/visibility.h: No such file or directory
[3.179s]    46 | #include [01;31m[K"ros2_kitti_publishers/visibility.h"[m[K
[3.179s]       |          [01;31m[K^~~~~~~~~~~~~~~~~~~~~~~~~~~~~~~~~~~~[m[K
[3.179s] compilation terminated.
[3.188s] gmake[2]: *** [CMakeFiles/kitti_publisher.dir/build.make:76: CMakeFiles/kitti_publisher.dir/src/node/kitti_publishers_node.cpp.o] Error 1
[3.188s] gmake[1]: *** [CMakeFiles/Makefile2:139: CMakeFiles/kitti_publisher.dir/all] Error 2
[3.188s] gmake: *** [Makefile:146: all] Error 2
[3.191s] Invoked command in '/home/evan/cmpe295/build/kitti_publisher' returned '2': CMAKE_PREFIX_PATH=/opt/ros/humble /usr/bin/cmake --build /home/evan/cmpe295/build/kitti_publisher -- -j20 -l20
